# JRE version: Java(TM) SE Runtime Environment (8.0_172-b11) (build 1.8.0_172-b11)
# Java VM: Java HotSpot(TM) 64-Bit Server VM (25.172-b11 mixed mode windows-amd64 compressed oops)
Heap:
 PSYoungGen      total 329728K, used 300768K [0x00000000d5e00000, 0x00000000ecf80000, 0x0000000100000000)
  eden space 285184K, 90% used [0x00000000d5e00000,0x00000000e5969178,0x00000000e7480000)
  from space 44544K, 97% used [0x00000000e7480000,0x00000000e9ecef50,0x00000000ea000000)
  to   space 43008K, 0% used [0x00000000ea000000,0x00000000ea000000,0x00000000eca00000)
 ParOldGen       total 164864K, used 78737K [0x0000000081a00000, 0x000000008bb00000, 0x00000000d5e00000)
  object space 164864K, 47% used [0x0000000081a00000,0x00000000866e4588,0x000000008bb00000)
 Metaspace       used 43828K, capacity 44742K, committed 44928K, reserved 1089536K
  class space    used 5238K, capacity 5491K, committed 5504K, reserved 1048576K
GC Heap History (10 events):
Event: 8.650 GC heap before
{Heap before GC invocations=11 (full 1):
 PSYoungGen      total 195584K, used 195559K [0x00000000d5e00000, 0x00000000e7700000, 0x0000000100000000)
  eden space 168448K, 100% used [0x00000000d5e00000,0x00000000e0280000,0x00000000e0280000)
  from space 27136K, 99% used [0x00000000e0280000,0x00000000e1cf9ce8,0x00000000e1d00000)
  to   space 35840K, 0% used [0x00000000e5400000,0x00000000e5400000,0x00000000e7700000)
 ParOldGen       total 74752K, used 51011K [0x0000000081a00000, 0x0000000086300000, 0x00000000d5e00000)
  object space 74752K, 68% used [0x0000000081a00000,0x0000000084bd0c00,0x0000000086300000)
 Metaspace       used 29174K, capacity 29816K, committed 30080K, reserved 1075200K
  class space    used 3420K, capacity 3586K, committed 3712K, reserved 1048576K
Event: 8.685 GC heap after
Heap after GC invocations=11 (full 1):
 PSYoungGen      total 248832K, used 29352K [0x00000000d5e00000, 0x00000000e8100000, 0x0000000100000000)
  eden space 212992K, 0% used [0x00000000d5e00000,0x00000000d5e00000,0x00000000e2e00000)
  from space 35840K, 81% used [0x00000000e5400000,0x00000000e70aa360,0x00000000e7700000)
  to   space 38912K, 0% used [0x00000000e2e00000,0x00000000e2e00000,0x00000000e5400000)
 ParOldGen       total 74752K, used 64771K [0x0000000081a00000, 0x0000000086300000, 0x00000000d5e00000)
  object space 74752K, 86% used [0x0000000081a00000,0x0000000085940d30,0x0000000086300000)
 Metaspace       used 29174K, capacity 29816K, committed 30080K, reserved 1075200K
  class space    used 3420K, capacity 3586K, committed 3712K, reserved 1048576K
}
Event: 8.685 GC heap before
{Heap before GC invocations=12 (full 2):
 PSYoungGen      total 248832K, used 29352K [0x00000000d5e00000, 0x00000000e8100000, 0x0000000100000000)
  eden space 212992K, 0% used [0x00000000d5e00000,0x00000000d5e00000,0x00000000e2e00000)
  from space 35840K, 81% used [0x00000000e5400000,0x00000000e70aa360,0x00000000e7700000)
  to   space 38912K, 0% used [0x00000000e2e00000,0x00000000e2e00000,0x00000000e5400000)
 ParOldGen       total 74752K, used 64771K [0x0000000081a00000, 0x0000000086300000, 0x00000000d5e00000)
  object space 74752K, 86% used [0x0000000081a00000,0x0000000085940d30,0x0000000086300000)
 Metaspace       used 29174K, capacity 29816K, committed 30080K, reserved 1075200K
  class space    used 3420K, capacity 3586K, committed 3712K, reserved 1048576K
Event: 8.778 GC heap after
Heap after GC invocations=12 (full 2):
 PSYoungGen      total 248832K, used 0K [0x00000000d5e00000, 0x00000000e8100000, 0x0000000100000000)
  eden space 212992K, 0% used [0x00000000d5e00000,0x00000000d5e00000,0x00000000e2e00000)
  from space 35840K, 0% used [0x00000000e5400000,0x00000000e5400000,0x00000000e7700000)
  to   space 38912K, 0% used [0x00000000e2e00000,0x00000000e2e00000,0x00000000e5400000)
 ParOldGen       total 164864K, used 68762K [0x0000000081a00000, 0x000000008bb00000, 0x00000000d5e00000)
  object space 164864K, 41% used [0x0000000081a00000,0x0000000085d26bf0,0x000000008bb00000)
 Metaspace       used 29174K, capacity 29816K, committed 30080K, reserved 1075200K
  class space    used 3420K, capacity 3586K, committed 3712K, reserved 1048576K
}
Event: 9.502 GC heap before
{Heap before GC invocations=13 (full 2):
 PSYoungGen      total 248832K, used 212992K [0x00000000d5e00000, 0x00000000e8100000, 0x0000000100000000)
  eden space 212992K, 100% used [0x00000000d5e00000,0x00000000e2e00000,0x00000000e2e00000)
  from space 35840K, 0% used [0x00000000e5400000,0x00000000e5400000,0x00000000e7700000)
  to   space 38912K, 0% used [0x00000000e2e00000,0x00000000e2e00000,0x00000000e5400000)
 ParOldGen       total 164864K, used 68762K [0x0000000081a00000, 0x000000008bb00000, 0x00000000d5e00000)
  object space 164864K, 41% used [0x0000000081a00000,0x0000000085d26bf0,0x000000008bb00000)
 Metaspace       used 29176K, capacity 29816K, committed 30080K, reserved 1075200K
  class space    used 3420K, capacity 3586K, committed 3712K, reserved 1048576K
Event: 9.535 GC heap after
Heap after GC invocations=13 (full 2):
 PSYoungGen      total 251904K, used 32997K [0x00000000d5e00000, 0x00000000eca00000, 0x0000000100000000)
  eden space 212992K, 0% used [0x00000000d5e00000,0x00000000d5e00000,0x00000000e2e00000)
  from space 38912K, 84% used [0x00000000e2e00000,0x00000000e4e394c0,0x00000000e5400000)
  to   space 43008K, 0% used [0x00000000ea000000,0x00000000ea000000,0x00000000eca00000)
 ParOldGen       total 164864K, used 68762K [0x0000000081a00000, 0x000000008bb00000, 0x00000000d5e00000)
  object space 164864K, 41% used [0x0000000081a00000,0x0000000085d26bf0,0x000000008bb00000)
 Metaspace       used 29176K, capacity 29816K, committed 30080K, reserved 1075200K
  class space    used 3420K, capacity 3586K, committed 3712K, reserved 1048576K
}
Event: 10.104 GC heap before
{Heap before GC invocations=14 (full 2):
 PSYoungGen      total 251904K, used 245989K [0x00000000d5e00000, 0x00000000eca00000, 0x0000000100000000)
  eden space 212992K, 100% used [0x00000000d5e00000,0x00000000e2e00000,0x00000000e2e00000)
  from space 38912K, 84% used [0x00000000e2e00000,0x00000000e4e394c0,0x00000000e5400000)
  to   space 43008K, 0% used [0x00000000ea000000,0x00000000ea000000,0x00000000eca00000)
 ParOldGen       total 164864K, used 68762K [0x0000000081a00000, 0x000000008bb00000, 0x00000000d5e00000)
  object space 164864K, 41% used [0x0000000081a00000,0x0000000085d26bf0,0x000000008bb00000)
 Metaspace       used 29185K, capacity 29882K, committed 30080K, reserved 1075200K
  class space    used 3422K, capacity 3588K, committed 3712K, reserved 1048576K
Event: 10.131 GC heap after
Heap after GC invocations=14 (full 2):
 PSYoungGen      total 328192K, used 29296K [0x00000000d5e00000, 0x00000000ecf80000, 0x0000000100000000)
  eden space 285184K, 0% used [0x00000000d5e00000,0x00000000d5e00000,0x00000000e7480000)
  from space 43008K, 68% used [0x00000000ea000000,0x00000000ebc9c330,0x00000000eca00000)
  to   space 44544K, 0% used [0x00000000e7480000,0x00000000e7480000,0x00000000ea000000)
 ParOldGen       total 164864K, used 74540K [0x0000000081a00000, 0x000000008bb00000, 0x00000000d5e00000)
  object space 164864K, 45% used [0x0000000081a00000,0x00000000862cb268,0x000000008bb00000)
 Metaspace       used 29185K, capacity 29882K, committed 30080K, reserved 1075200K
  class space    used 3422K, capacity 3588K, committed 3712K, reserved 1048576K
}
Event: 11.061 GC heap before
{Heap before GC invocations=15 (full 2):
 PSYoungGen      total 328192K, used 314480K [0x00000000d5e00000, 0x00000000ecf80000, 0x0000000100000000)
  eden space 285184K, 100% used [0x00000000d5e00000,0x00000000e7480000,0x00000000e7480000)
  from space 43008K, 68% used [0x00000000ea000000,0x00000000ebc9c330,0x00000000eca00000)
  to   space 44544K, 0% used [0x00000000e7480000,0x00000000e7480000,0x00000000ea000000)
 ParOldGen       total 164864K, used 74540K [0x0000000081a00000, 0x000000008bb00000, 0x00000000d5e00000)
  object space 164864K, 45% used [0x0000000081a00000,0x00000000862cb268,0x000000008bb00000)
 Metaspace       used 30063K, capacity 30752K, committed 30848K, reserved 1077248K
  class space    used 3503K, capacity 3685K, committed 3712K, reserved 1048576K
Event: 11.098 GC heap after
Heap after GC invocations=15 (full 2):
 PSYoungGen      total 329728K, used 43323K [0x00000000d5e00000, 0x00000000ecf80000, 0x0000000100000000)
  eden space 285184K, 0% used [0x00000000d5e00000,0x00000000d5e00000,0x00000000e7480000)
  from space 44544K, 97% used [0x00000000e7480000,0x00000000e9ecef50,0x00000000ea000000)
  to   space 43008K, 0% used [0x00000000ea000000,0x00000000ea000000,0x00000000eca00000)
 ParOldGen       total 164864K, used 78737K [0x0000000081a00000, 0x000000008bb00000, 0x00000000d5e00000)
  object space 164864K, 47% used [0x0000000081a00000,0x00000000866e4588,0x000000008bb00000)
 Metaspace       used 30063K, capacity 30752K, committed 30848K, reserved 1077248K
  class space    used 3503K, capacity 3685K, committed 3712K, reserved 1048576K
}

